=== refresh daily run: Tue Jul 14 19:12:44 HKT 2026 ===
repo=/Users/admin/refresh-metadata/refresh-metadata-tool
python=/usr/bin/python3 (Python 3.9.6)
args=<full pipeline>
/Users/admin/Library/Python/3.9/lib/python/site-packages/urllib3/__init__.py:35: NotOpenSSLWarning: urllib3 v2 only supports OpenSSL 1.1.1+, currently the 'ssl' module is compiled with 'LibreSSL 2.8.3'. See: https://github.com/urllib3/urllib3/issues/3020
  warnings.warn(

══════════════════════════════════════════════════
  BscScan Metadata Workflow
══════════════════════════════════════════════════

── Step 1: Update tokens.csv from Google Sheet ─────

  ▸ Fetch shared token sheet (CSV export)
  ✓ Pulled 12 token ids from sheet 1OgtsuOP2eKQays_mWAzVK2eRoQKP1QYVRsquGOafH7w (gid=0)

── Run inputs ──────────────────────────
  Tokens in CSV      12

── Step 2: Ensure starting crawl cookie (account 1) 
  Account pool       refresh1
  · Re-logging in 1 account(s) via Selenium (steps 1→2→3)
  · First tokenId  71891422393723028040559699118666933949540944318705152799319725566236348921248  (from tokens.csv)
  · [1/1] refresh1
  · Chrome profile  /Users/admin/.refresh/chrome-bscscan  (Default)
  · Chrome version_main  148
  · Step 1/3  Selenium login  refresh1
  · Login attempt 1/5  refresh1
  · Login page open  https://bscscan.com/login
  ✓ Filled username/password for refresh1
  · Waiting for Turnstile (complete captcha in browser if shown)...
  ⚠ Turnstile not detected within 120s
  · Login attempt 2/5  refresh1
  · Login page open  https://bscscan.com/login
  ✓ Filled username/password for refresh1
  · Waiting for Turnstile (complete captcha in browser if shown)...
  ✓ Turnstile completed
  · Clicking LOGIN...
  ✓ Logged in as refresh1
  ✓ Login successful  refresh1
  · Step 2/3  Open first token NFT page  …6348921248
  ·            https://bscscan.com/nft/0xF8646A3Ca093e97Bb404c3b25e675C0394DD5b30/71891422393723028040559699118666933949540944318705152799319725566236348921248
Traceback (most recent call last):
  File "/Users/admin/refresh-metadata/refresh-metadata-tool/run_workflow.py", line 187, in <module>
    main()
  File "/Users/admin/refresh-metadata/refresh-metadata-tool/run_workflow.py", line 141, in main
    logged_accounts = ensure_cookies(1) or logged_accounts
  File "/Users/admin/refresh-metadata/refresh-metadata-tool/run_workflow.py", line 95, in ensure_cookies
    login.capture_account(pool, username, creds["password"], token_id, driver=driver)
  File "/Users/admin/refresh-metadata/refresh-metadata-tool/accounts/login.py", line 576, in capture_account
    visit_nft_page(driver, token_id)
  File "/Users/admin/refresh-metadata/refresh-metadata-tool/accounts/login.py", line 533, in visit_nft_page
    raise RuntimeError(
RuntimeError: NFT page did not load (Cloudflare or not logged in).
  URL: https://bscscan.com/nft/0xF8646A3Ca093e97Bb404c3b25e675C0394DD5b30/71891422393723028040559699118666933949540944318705152799319725566236348921248
=== exit 1 at Tue Jul 14 21:14:53 HKT 2026 ===
=== git push log: Tue Jul 14 21:14:53 HKT 2026 ===
[main 17f6032] daily run log: daily-20260714-191243 (exit 1)
 Committer: admin <admin@admins-MacBook-Pro.local>
Your name and email address were configured automatically based
on your username and hostname. Please check that they are accurate.
You can suppress this message by setting them explicitly. Run the
following command and follow the instructions in your editor to edit
your configuration file:

    git config --global --edit

After doing this, you may fix the identity used for this commit with:

    git commit --amend --reset-author

 1 file changed, 57 insertions(+)
 create mode 100644 logs/daily-20260714-191243.log
To github.com:JasGao/refresh-metadata-tool.git
   9712d7e..17f6032  HEAD -> main
pushed log to origin/main
