=== refresh daily run: Thu Jul 16 18:30:05 HKT 2026 ===
repo=/Users/admin/refresh-metadata/refresh-metadata-tool
python=/usr/bin/python3 (Python 3.9.6)
args=<full pipeline>
/Users/admin/Library/Python/3.9/lib/python/site-packages/urllib3/__init__.py:35: NotOpenSSLWarning: urllib3 v2 only supports OpenSSL 1.1.1+, currently the 'ssl' module is compiled with 'LibreSSL 2.8.3'. See: https://github.com/urllib3/urllib3/issues/3020
  warnings.warn(

══════════════════════════════════════════════════
  BscScan Metadata Workflow
══════════════════════════════════════════════════

── Step 1: Update tokens.csv from Google Sheet ─────

  ▸ Fetch shared token sheet (CSV export)
  ✗ Sheet fetch failed: Sheet returned no token ids (empty after header).
Aborting — could not refresh tokens.csv (use --skip-fetch to run on the local file)
=== exit 1 at Thu Jul 16 18:30:06 HKT 2026 ===
=== git push log: Thu Jul 16 18:30:06 HKT 2026 ===
[main 983c474] daily run log: daily-20260716-183004 (exit 1)
 Committer: admin <admin@admins-MacBook-Pro.local>
Your name and email address were configured automatically based
on your username and hostname. Please check that they are accurate.
You can suppress this message by setting them explicitly. Run the
following command and follow the instructions in your editor to edit
your configuration file:

    git config --global --edit

After doing this, you may fix the identity used for this commit with:

    git commit --amend --reset-author

 1 file changed, 18 insertions(+)
 create mode 100644 logs/daily-20260716-183004.log
To github.com:JasGao/refresh-metadata-tool.git
   5b2c9a3..983c474  HEAD -> main
pushed log to origin/main
