=== refresh daily run: Mon Jul 13 18:30:04 HKT 2026 ===
repo=/Users/admin/refresh-metadata/refresh-metadata-tool
python=/usr/bin/python3 (Python 3.9.6)
args=<full pipeline>
/Users/admin/Library/Python/3.9/lib/python/site-packages/urllib3/__init__.py:35: NotOpenSSLWarning: urllib3 v2 only supports OpenSSL 1.1.1+, currently the 'ssl' module is compiled with 'LibreSSL 2.8.3'. See: https://github.com/urllib3/urllib3/issues/3020
  warnings.warn(

══════════════════════════════════════════════════
  BscScan Metadata Workflow
══════════════════════════════════════════════════

── Step 1: Update tokens.csv from Google Sheet ─────

  ▸ Fetch shared token sheet (CSV export)
  ✗ Sheet fetch failed: HTTPSConnectionPool(host='docs.google.com', port=443): Max retries exceeded with url: /spreadsheets/d/1OgtsuOP2eKQays_mWAzVK2eRoQKP1QYVRsquGOafH7w/export?format=csv&gid=0 (Caused by NameResolutionError("HTTPSConnection(host='docs.google.com', port=443): Failed to resolve 'docs.google.com' ([Errno 8] nodename nor servname provided, or not known)"))
Aborting — could not refresh tokens.csv (use --skip-fetch to run on the local file)
=== exit 1 at Mon Jul 13 18:30:05 HKT 2026 ===
=== git push log: Mon Jul 13 18:30:05 HKT 2026 ===
[main 1922ca9] daily run log: daily-20260713-183004 (exit 1)
 Committer: admin <admin@admins-MacBook-Pro.local>
Your name and email address were configured automatically based
on your username and hostname. Please check that they are accurate.
You can suppress this message by setting them explicitly. Run the
following command and follow the instructions in your editor to edit
your configuration file:

    git config --global --edit

After doing this, you may fix the identity used for this commit with:

    git commit --amend --reset-author

 1 file changed, 18 insertions(+)
 create mode 100644 logs/daily-20260713-183004.log
ssh: connect to host github.com port 22: Undefined error: 0
fatal: Could not read from remote repository.

Please make sure you have the correct access rights
and the repository exists.
git push failed — log committed locally only
